30_23_52
thx max
good boy
{'config': {'autoreg': False, 'context_features': 0, 'network_layers': 3, 'network_layers_nf': 2, 'network_nodes_nf': 256, 'batch_size': 1024, 'coupling_layers': 15, 'lr': 0.001, 'batchnorm': False, 'bins': 5, 'tail_bound': 6, 'limit': 150000, 'n_dim': 3, 'dropout': 0.2, 'canonical': False, 'max_steps': 100000, 'lambda': 1, 'name': 'Transflow_best', 'disc': False, 'variable': 1, 'parton': 't', 'wgan': False, 'corr': True, 'num_layers': 4, 'freq': 6, 'n_part': 30, 'fc': False, 'hidden': 500, 'heads': 4, 'l_dim': 100, 'lr_g': 0.0004327405312571664, 'lr_d': 0.0004327405312571664, 'lr_nf': 0.000722, 'sched': 'cosine2', 'opt': 'RMSprop', 'max_epochs': 3200, 'mass': True, 'no_hidden': False, 'clf': True, 'val_check': 50, 'frac_pretrain': 80, 'seed': 69, 'quantile': False}, 'hyperopt': True, 'num_batches': 112}
{'autoreg': False, 'context_features': 1, 'network_layers': 3, 'network_layers_nf': 2, 'network_nodes_nf': 256, 'batch_size': 1024, 'coupling_layers': 15, 'lr': 0.001, 'batchnorm': False, 'bins': 5, 'tail_bound': 6, 'limit': 150000, 'n_dim': 3, 'dropout': 0.2, 'canonical': False, 'max_steps': 100000, 'lambda': 1, 'name': 'fix_mask_scan3', 'disc': False, 'variable': 1, 'parton': 't', 'wgan': False, 'corr': True, 'num_layers': 4, 'freq': 5, 'n_part': 30, 'fc': False, 'hidden': 500, 'heads': 4, 'l_dim': 100, 'lr_g': 0.0005, 'lr_d': 0.0006500000000000001, 'lr_nf': 0.000722, 'sched': 'cosine2', 'opt': 'Adam', 'max_epochs': 9600, 'mass': True, 'no_hidden': False, 'clf': True, 'val_check': 25, 'frac_pretrain': 80, 'seed': 69, 'quantile': False, 'last_clf': False, 'gen_mask': False, 'bullshitbingo': False, 'bullshitbingo2': False, 'scalingbullshit': True, 'warmup': 50, 'ratio': 1.3}
"name":fix_mask_scan3
"parton":t
"mass":True
"sched":cosine2
"opt":Adam
"no_hidden":False
"last_clf":False
"warmup":50
"lr_d":0.0006500000000000001
"lr_g":0.0005
"ratio":1.3
0.2
/beegfs/desy/user/kaechben/fix_mask_scan3
Version: 180
epoch 0:  {'val_logprob': 2.989344358444214, 'val_fpnd': 220.45012345013708, 'val_mmd': 0.20374563396226947, 'val_cov': 0.191, 'val_w1m': 0.09810408736215903, 'val_w1efp': 0.010259643635160624, 'val_w1p': 0.046032452826935855, 'step': 0}
mass plot failed reverting to simple plot mass bins
passed test disc
passed test gen
passed test gen
epoch 24:  {'val_logprob': 0.05997537076473236, 'val_fpnd': 118.04748531222975, 'val_mmd': 0.19030865483284445, 'val_cov': 0.059, 'val_w1m': 0.0469770209794864, 'val_w1efp': 0.0006838526201659593, 'val_w1p': 0.021030705923891512, 'step': 3025}
epoch 49:  {'val_logprob': -0.014694483950734138, 'val_fpnd': 123.87506749287218, 'val_mmd': 0.1813306884370572, 'val_cov': 0.05800000000000001, 'val_w1m': 0.048066036785114556, 'val_w1efp': 0.0006924719482884083, 'val_w1p': 0.022038929734399183, 'step': 6050}
epoch 74:  {'val_logprob': -0.0280152540653944, 'val_fpnd': 123.37553950937081, 'val_mmd': 0.18469507505204485, 'val_cov': 0.05700000000000001, 'val_w1m': 0.048862704799585044, 'val_w1efp': 0.0007020741055921248, 'val_w1p': 0.021831885451694236, 'step': 10890}
epoch 99:  {'val_logprob': -0.06468820571899414, 'val_fpnd': 122.13222454633262, 'val_mmd': 0.1860972828363358, 'val_cov': 0.05800000000000001, 'val_w1m': 0.04893839293271303, 'val_w1efp': 0.0006957165390763071, 'val_w1p': 0.02151738025731255, 'step': 16940}
not valid grads 0
epoch 124:  {'val_logprob': -0.05581974610686302, 'val_fpnd': 24.114803487375468, 'val_mmd': 0.08524684720516074, 'val_cov': 0.33299999999999996, 'val_w1m': 0.01612461795218289, 'val_w1efp': 0.0002815197613057627, 'val_w1p': 0.0028817560362485776, 'step': 22506}
epoch 149:  {'val_logprob': -0.05585446208715439, 'val_fpnd': 13.132234021995316, 'val_mmd': 0.071517710792413, 'val_cov': 0.554, 'val_w1m': 0.013524618265256286, 'val_w1efp': 0.00024925580914288864, 'val_w1p': 0.004908364234373542, 'step': 26287}
epoch 174:  {'val_logprob': -0.05580177903175354, 'val_fpnd': 4.289501006890873, 'val_mmd': 0.07561764492677235, 'val_cov': 0.5440000000000002, 'val_w1m': 0.005090789031665772, 'val_w1efp': 0.00010551600533463936, 'val_w1p': 0.003634906910155856, 'step': 30068}
epoch 199:  {'val_logprob': -0.05577399954199791, 'val_fpnd': 4.40594515932483, 'val_mmd': 0.07864908160329305, 'val_cov': 0.5309999999999999, 'val_w1m': 0.003974491059724241, 'val_w1efp': 8.955530389417711e-05, 'val_w1p': 0.0015283581984821132, 'step': 33849}
epoch 224:  {'val_logprob': -0.05580335110425949, 'val_fpnd': 2.326279230933352, 'val_mmd': 0.07136136634909401, 'val_cov': 0.577, 'val_w1m': 0.004357762384898961, 'val_w1efp': 8.542763670928621e-05, 'val_w1p': 0.00398762635142386, 'step': 37631}
epoch 249:  {'val_logprob': -0.05571121722459793, 'val_fpnd': 4.060395764031284, 'val_mmd': 0.07450583485272791, 'val_cov': 0.554, 'val_w1m': 0.0053022495391033585, 'val_w1efp': 0.00013852479145255392, 'val_w1p': 0.009670606797734934, 'step': 41412}
epoch 274:  {'val_logprob': -0.05594104528427124, 'val_fpnd': 0.9605414826163496, 'val_mmd': 0.07273899206849091, 'val_cov': 0.57, 'val_w1m': 0.0016446980894543228, 'val_w1efp': 3.747724796568718e-05, 'val_w1p': 0.0017819457609263613, 'step': 45193}
epoch 299:  {'val_logprob': -0.05577925220131874, 'val_fpnd': 3.0240865211361267, 'val_mmd': 0.0748946671806571, 'val_cov': 0.5519999999999999, 'val_w1m': 0.004544679288771002, 'val_w1efp': 0.00010539732444682999, 'val_w1p': 0.00440354639609387, 'step': 48974}
epoch 324:  {'val_logprob': -0.05589558184146881, 'val_fpnd': 1.7304885047718699, 'val_mmd': 0.0724725607723937, 'val_cov': 0.5940000000000001, 'val_w1m': 0.0032665421792864788, 'val_w1efp': 7.488931758815141e-05, 'val_w1p': 0.0020685453626621015, 'step': 52756}
epoch 349:  {'val_logprob': -0.05583348125219345, 'val_fpnd': 0.8386747266607131, 'val_mmd': 0.0731672663311096, 'val_cov': 0.575, 'val_w1m': 0.0015926816042885178, 'val_w1efp': 4.6838970863700734e-05, 'val_w1p': 0.003938766334365157, 'step': 56537}
epoch 374:  {'val_logprob': -0.055978402495384216, 'val_fpnd': 1.1440353859950392, 'val_mmd': 0.07241925992346261, 'val_cov': 0.577, 'val_w1m': 0.0019387124858237798, 'val_w1efp': 3.9933179980012914e-05, 'val_w1p': 0.003019537585417504, 'step': 60318}
epoch 399:  {'val_logprob': -0.055807605385780334, 'val_fpnd': 1.103615864898643, 'val_mmd': 0.07305631987615636, 'val_cov': 0.565, 'val_w1m': 0.0020682897539064287, 'val_w1efp': 4.462187179056442e-05, 'val_w1p': 0.0014098447919778673, 'step': 64099}
epoch 424:  {'val_logprob': -0.055892784148454666, 'val_fpnd': 1.0884321598987583, 'val_mmd': 0.07300089451904587, 'val_cov': 0.5730000000000001, 'val_w1m': 0.002357335232533514, 'val_w1efp': 4.648770801466792e-05, 'val_w1p': 0.0020112236277777364, 'step': 67881}
epoch 449:  {'val_logprob': -0.0558994822204113, 'val_fpnd': 1.92197892488511, 'val_mmd': 0.07245129492981564, 'val_cov': 0.5820000000000001, 'val_w1m': 0.003362026928234845, 'val_w1efp': 7.426681059928599e-05, 'val_w1p': 0.0033571936522926575, 'step': 71662}
epoch 474:  {'val_logprob': -0.05571000277996063, 'val_fpnd': 2.4398317072418365, 'val_mmd': 0.07270295874350985, 'val_cov': 0.557, 'val_w1m': 0.004231876118015497, 'val_w1efp': 0.00011009071808002441, 'val_w1p': 0.0023833776308484333, 'step': 75443}
epoch 499:  {'val_logprob': -0.055822938680648804, 'val_fpnd': 0.6663932779646871, 'val_mmd': 0.0725990132368004, 'val_cov': 0.5700000000000001, 'val_w1m': 0.0022302047651074825, 'val_w1efp': 4.572415078246679e-05, 'val_w1p': 0.0017960934487066523, 'step': 79224}
epoch 524:  {'val_logprob': -0.05587862432003021, 'val_fpnd': 2.0989153786592283, 'val_mmd': 0.07387585667459884, 'val_cov': 0.553, 'val_w1m': 0.002570142994169146, 'val_w1efp': 6.326247632884261e-05, 'val_w1p': 0.002709109095998743, 'step': 83006}
epoch 549:  {'val_logprob': -0.05581076815724373, 'val_fpnd': 0.7500440714135834, 'val_mmd': 0.07182488846265851, 'val_cov': 0.548, 'val_w1m': 0.0020185176146589215, 'val_w1efp': 3.894715849202633e-05, 'val_w1p': 0.0023630278137425176, 'step': 86787}
epoch 574:  {'val_logprob': -0.05572390928864479, 'val_fpnd': 1.3294653138834747, 'val_mmd': 0.07323181864702599, 'val_cov': 0.538, 'val_w1m': 0.0036595244203507897, 'val_w1efp': 9.014971100650047e-05, 'val_w1p': 0.0030577987923115055, 'step': 90568}
epoch 599:  {'val_logprob': -0.055737659335136414, 'val_fpnd': 0.4432659679423807, 'val_mmd': 0.07426808511692991, 'val_cov': 0.5660000000000001, 'val_w1m': 0.0014404317428357897, 'val_w1efp': 3.0782591506605596e-05, 'val_w1p': 0.0019509065771491213, 'step': 94349}
epoch 624:  {'val_logprob': -0.055963750928640366, 'val_fpnd': 0.9125843766634034, 'val_mmd': 0.0716860468864694, 'val_cov': 0.562, 'val_w1m': 0.002499609290622174, 'val_w1efp': 5.82064768879047e-05, 'val_w1p': 0.002297431805486067, 'step': 98131}
epoch 649:  {'val_logprob': -0.05576660484075546, 'val_fpnd': 0.7448890493528211, 'val_mmd': 0.07193171137220511, 'val_cov': 0.576, 'val_w1m': 0.002676944106034934, 'val_w1efp': 7.506492525275244e-05, 'val_w1p': 0.0023172491315962152, 'step': 101912}
epoch 674:  {'val_logprob': -0.05567751079797745, 'val_fpnd': 0.6838741429904189, 'val_mmd': 0.07527669297068014, 'val_cov': 0.5589999999999999, 'val_w1m': 0.001749093329757452, 'val_w1efp': 4.2800603369190775e-05, 'val_w1p': 0.0024418645156150808, 'step': 105693}
epoch 699:  {'val_logprob': -0.055712033063173294, 'val_fpnd': 0.5947599496962539, 'val_mmd': 0.07108094629455568, 'val_cov': 0.562, 'val_w1m': 0.0029678185768052924, 'val_w1efp': 7.121947135939547e-05, 'val_w1p': 0.0013981181813972907, 'step': 109474}
epoch 724:  {'val_logprob': -0.05583765357732773, 'val_fpnd': 1.1573184467912938, 'val_mmd': 0.07426416924492543, 'val_cov': 0.55, 'val_w1m': 0.002821910778153687, 'val_w1efp': 9.784167973946559e-05, 'val_w1p': 0.0022230850240077143, 'step': 113256}
epoch 749:  {'val_logprob': -0.05593528598546982, 'val_fpnd': 0.6537711149817369, 'val_mmd': 0.07437028431765781, 'val_cov': 0.558, 'val_w1m': 0.002021593565307557, 'val_w1efp': 5.1517012911798544e-05, 'val_w1p': 0.0014598417693258365, 'step': 117037}
epoch 774:  {'val_logprob': -0.055737052112817764, 'val_fpnd': 0.7242290968112854, 'val_mmd': 0.07293820027280172, 'val_cov': 0.5610000000000002, 'val_w1m': 0.0018557619480229909, 'val_w1efp': 4.291690433734285e-05, 'val_w1p': 0.0015378655312533488, 'step': 120818}
epoch 799:  {'val_logprob': -0.0557405911386013, 'val_fpnd': 0.6335869730733634, 'val_mmd': 0.07346589928116713, 'val_cov': 0.5609999999999999, 'val_w1m': 0.0013876870003901418, 'val_w1efp': 3.055957062648098e-05, 'val_w1p': 0.0018795236936484819, 'step': 124599}
epoch 824:  {'val_logprob': -0.05579584836959839, 'val_fpnd': 1.3844458562539614, 'val_mmd': 0.07348787145896288, 'val_cov': 0.5619999999999999, 'val_w1m': 0.0030994948262907563, 'val_w1efp': 7.809311838141643e-05, 'val_w1p': 0.0017530249846749665, 'step': 128381}
epoch 849:  {'val_logprob': -0.05602087080478668, 'val_fpnd': 0.8642884871600245, 'val_mmd': 0.0725429546253644, 'val_cov': 0.5549999999999999, 'val_w1m': 0.002223184290733188, 'val_w1efp': 5.8402554199001876e-05, 'val_w1p': 0.0017526181684829778, 'step': 132162}
epoch 874:  {'val_logprob': -0.05590755119919777, 'val_fpnd': 0.9868379092304735, 'val_mmd': 0.07220679216010692, 'val_cov': 0.577, 'val_w1m': 0.0031388687226921322, 'val_w1efp': 8.254312901329341e-05, 'val_w1p': 0.0014006687909922024, 'step': 135943}
epoch 899:  {'val_logprob': -0.055834151804447174, 'val_fpnd': 0.466301177858071, 'val_mmd': 0.0714850132566087, 'val_cov': 0.583, 'val_w1m': 0.0021985186997801063, 'val_w1efp': 5.189773892840296e-05, 'val_w1p': 0.0014069879277796517, 'step': 139724}
epoch 924:  {'val_logprob': -0.0558491088449955, 'val_fpnd': 0.6242722789455968, 'val_mmd': 0.07246005886099685, 'val_cov': 0.578, 'val_w1m': 0.002205796400718391, 'val_w1efp': 5.709484703479054e-05, 'val_w1p': 0.0016047437789336579, 'step': 143506}
epoch 949:  {'val_logprob': -0.055717796087265015, 'val_fpnd': 0.9307335474077263, 'val_mmd': 0.07111434363784772, 'val_cov': 0.5589999999999999, 'val_w1m': 0.004188535729069262, 'val_w1efp': 0.00010796678627361106, 'val_w1p': 0.003069747779058815, 'step': 147287}
epoch 974:  {'val_logprob': -0.055743709206581116, 'val_fpnd': 0.26566595046782027, 'val_mmd': 0.07272893530575761, 'val_cov': 0.5660000000000001, 'val_w1m': 0.0017081328575313092, 'val_w1efp': 3.641304539299797e-05, 'val_w1p': 0.001937571698334469, 'step': 151068}
epoch 999:  {'val_logprob': -0.0559534877538681, 'val_fpnd': 0.7266892942655829, 'val_mmd': 0.07265555683299214, 'val_cov': 0.5579999999999999, 'val_w1m': 0.002751483706254512, 'val_w1efp': 5.3733068065696656e-05, 'val_w1p': 0.0020412243485551564, 'step': 154849}
epoch 1024:  {'val_logprob': -0.056001629680395126, 'val_fpnd': 0.6649948947011239, 'val_mmd': 0.07329105296312927, 'val_cov': 0.5589999999999999, 'val_w1m': 0.000967926050201058, 'val_w1efp': 1.993068201636225e-05, 'val_w1p': 0.0014553245591252687, 'step': 158631}
not valid grads 0
epoch 1049:  {'val_logprob': -0.05612635985016823, 'val_fpnd': 0.6400800521381598, 'val_mmd': 0.07053776914788984, 'val_cov': 0.584, 'val_w1m': 0.003177687136940658, 'val_w1efp': 8.076200813148646e-05, 'val_w1p': 0.0015711042811052884, 'step': 162412}
epoch 1074:  {'val_logprob': -0.05584203824400902, 'val_fpnd': 0.5901153198696818, 'val_mmd': 0.0727661547294988, 'val_cov': 0.5700000000000001, 'val_w1m': 0.0022835982817597683, 'val_w1efp': 4.9386548695437635e-05, 'val_w1p': 0.0014316835144147569, 'step': 166193}
epoch 1099:  {'val_logprob': -0.05565055087208748, 'val_fpnd': 0.7822902271151975, 'val_mmd': 0.07299483975523838, 'val_cov': 0.587, 'val_w1m': 0.000886874899137765, 'val_w1efp': 1.8665171783211945e-05, 'val_w1p': 0.0016481169176488413, 'step': 169974}
epoch 1124:  {'val_logprob': -0.055611997842788696, 'val_fpnd': 0.9652183410859152, 'val_mmd': 0.07203920950090938, 'val_cov': 0.568, 'val_w1m': 0.0018804417752288278, 'val_w1efp': 4.628274152085408e-05, 'val_w1p': 0.0016668514773956063, 'step': 173756}
epoch 1149:  {'val_logprob': -0.05580197274684906, 'val_fpnd': 1.0278862142188245, 'val_mmd': 0.072359262516684, 'val_cov': 0.5700000000000001, 'val_w1m': 0.002878307378999889, 'val_w1efp': 7.437965479298866e-05, 'val_w1p': 0.0015868569785793202, 'step': 177537}
epoch 1174:  {'val_logprob': -0.05555293709039688, 'val_fpnd': 0.7222186912977122, 'val_mmd': 0.07134923216679223, 'val_cov': 0.5630000000000001, 'val_w1m': 0.003006448888685554, 'val_w1efp': 8.065224167262122e-05, 'val_w1p': 0.001880592650951235, 'step': 181318}
epoch 1199:  {'val_logprob': -0.05597547069191933, 'val_fpnd': 0.22052333992570539, 'val_mmd': 0.07085664977923803, 'val_cov': 0.5820000000000001, 'val_w1m': 0.0020049595432728522, 'val_w1efp': 3.9002659378561196e-05, 'val_w1p': 0.0014068849253779624, 'step': 185099}
epoch 1224:  {'val_logprob': -0.05613750219345093, 'val_fpnd': 2.9629164311137117, 'val_mmd': 0.07255941880466485, 'val_cov': 0.5589999999999999, 'val_w1m': 0.006648622657582164, 'val_w1efp': 0.00017567463951271927, 'val_w1p': 0.0022261350567759383, 'step': 188881}
epoch 1249:  {'val_logprob': -0.05598928779363632, 'val_fpnd': 2.757433571362185, 'val_mmd': 0.07426947351510245, 'val_cov': 0.549, 'val_w1m': 0.004391777841914446, 'val_w1efp': 0.00011193569163409082, 'val_w1p': 0.002315980545715314, 'step': 192662}
epoch 1274:  {'val_logprob': -0.05577702447772026, 'val_fpnd': 1.3819247419173166, 'val_mmd': 0.07510386564857792, 'val_cov': 0.534, 'val_w1m': 0.003469278398640454, 'val_w1efp': 9.15045474362014e-05, 'val_w1p': 0.0020789224500185302, 'step': 196443}
epoch 1299:  {'val_logprob': -0.0557103306055069, 'val_fpnd': 0.3900106559454457, 'val_mmd': 0.07170677064705452, 'val_cov': 0.5720000000000001, 'val_w1m': 0.001813085781149566, 'val_w1efp': 5.877323996203716e-05, 'val_w1p': 0.0009743999271784858, 'step': 200224}
epoch 1324:  {'val_logprob': -0.055588822811841965, 'val_fpnd': 0.6094465178523762, 'val_mmd': 0.07216534765713009, 'val_cov': 0.566, 'val_w1m': 0.004039914825819433, 'val_w1efp': 0.00011059076911844922, 'val_w1p': 0.0014501234957259787, 'step': 204006}
epoch 1349:  {'val_logprob': -0.055871959775686264, 'val_fpnd': 0.3770729781207933, 'val_mmd': 0.07160525476100202, 'val_cov': 0.596, 'val_w1m': 0.0028714549973793326, 'val_w1efp': 7.1441457621317e-05, 'val_w1p': 0.0016143182026124622, 'step': 207787}
epoch 1374:  {'val_logprob': -0.0561826191842556, 'val_fpnd': 0.7716481042372152, 'val_mmd': 0.07378828959648845, 'val_cov': 0.557, 'val_w1m': 0.002864036885369569, 'val_w1efp': 6.93564887200927e-05, 'val_w1p': 0.0020657153117898588, 'step': 211568}
epoch 1399:  {'val_logprob': -0.05601494759321213, 'val_fpnd': 0.2545352042227762, 'val_mmd': 0.07267523669313426, 'val_cov': 0.57, 'val_w1m': 0.0008535795118100939, 'val_w1efp': 2.089017169684759e-05, 'val_w1p': 0.0011875606189398486, 'step': 215349}
epoch 1424:  {'val_logprob': -0.05584700405597687, 'val_fpnd': 0.5982695712118016, 'val_mmd': 0.07256838928730783, 'val_cov': 0.5820000000000001, 'val_w1m': 0.0019164871564321222, 'val_w1efp': 4.500895322975786e-05, 'val_w1p': 0.0020789825381493025, 'step': 219131}
epoch 1449:  {'val_logprob': -0.05596483126282692, 'val_fpnd': 0.3459331512408994, 'val_mmd': 0.0717400523721113, 'val_cov': 0.583, 'val_w1m': 0.0013646125333197415, 'val_w1efp': 2.4688221442439308e-05, 'val_w1p': 0.0015965576334460534, 'step': 222912}
epoch 1474:  {'val_logprob': -0.05588654428720474, 'val_fpnd': 0.3888311999264715, 'val_mmd': 0.07296191901699214, 'val_cov': 0.56, 'val_w1m': 0.0015683628771826625, 'val_w1efp': 2.9829917539750086e-05, 'val_w1p': 0.0015681022339068828, 'step': 226693}
epoch 1499:  {'val_logprob': -0.05587765946984291, 'val_fpnd': 0.6981411590792845, 'val_mmd': 0.07075280585187857, 'val_cov': 0.59, 'val_w1m': 0.0029963250461593266, 'val_w1efp': 8.810325295658787e-05, 'val_w1p': 0.0014318505687304403, 'step': 230474}
epoch 1524:  {'val_logprob': -0.05593952164053917, 'val_fpnd': 0.6972898308135598, 'val_mmd': 0.07324394789475829, 'val_cov': 0.5609999999999999, 'val_w1m': 0.0019571565707027913, 'val_w1efp': 6.2156327077e-05, 'val_w1p': 0.001544198155121874, 'step': 234256}
epoch 1549:  {'val_logprob': -0.0557270310819149, 'val_fpnd': 0.6461830471212409, 'val_mmd': 0.07129043757834252, 'val_cov': 0.585, 'val_w1m': 0.0035627491563186052, 'val_w1efp': 0.00010404110888738095, 'val_w1p': 0.001822205934233401, 'step': 238037}
epoch 1574:  {'val_logprob': -0.05586865916848183, 'val_fpnd': 0.3845755540346545, 'val_mmd': 0.07191815208778288, 'val_cov': 0.571, 'val_w1m': 0.0016964170073904099, 'val_w1efp': 4.038468278168822e-05, 'val_w1p': 0.0011960140048155304, 'step': 241818}
epoch 1599:  {'val_logprob': -0.055771175771951675, 'val_fpnd': 0.151874846470605, 'val_mmd': 0.07264509994240906, 'val_cov': 0.575, 'val_w1m': 0.0017025372401066122, 'val_w1efp': 3.222825499711908e-05, 'val_w1p': 0.0016337941393249043, 'step': 245599}
not valid grads 0
epoch 1624:  {'val_logprob': -0.055955033749341965, 'val_fpnd': 0.23197117939119494, 'val_mmd': 0.07106262791968564, 'val_cov': 0.5780000000000001, 'val_w1m': 0.0014008769831620157, 'val_w1efp': 3.2738165850493736e-05, 'val_w1p': 0.0011788867327638492, 'step': 249381}
epoch 1649:  {'val_logprob': -0.05598723515868187, 'val_fpnd': 0.3197208120015773, 'val_mmd': 0.07269876801640487, 'val_cov': 0.5780000000000001, 'val_w1m': 0.0024871278747916224, 'val_w1efp': 5.4735228246829244e-05, 'val_w1p': 0.001479158974683771, 'step': 253162}
epoch 1674:  {'val_logprob': -0.05574871599674225, 'val_fpnd': 0.35839657305035644, 'val_mmd': 0.07260702691453944, 'val_cov': 0.564, 'val_w1m': 0.001375920702349394, 'val_w1efp': 2.495861687883624e-05, 'val_w1p': 0.0014713488456825543, 'step': 256943}
epoch 1699:  {'val_logprob': -0.05592849478125572, 'val_fpnd': 0.19393247031962346, 'val_mmd': 0.07307720205730758, 'val_cov': 0.583, 'val_w1m': 0.0020222795156389474, 'val_w1efp': 4.800760453842754e-05, 'val_w1p': 0.0016470010901375566, 'step': 260724}
epoch 1724:  {'val_logprob': -0.055979788303375244, 'val_fpnd': 0.3888397130946828, 'val_mmd': 0.07327453811447797, 'val_cov': 0.5720000000000001, 'val_w1m': 0.0014828120409883555, 'val_w1efp': 3.637022379885619e-05, 'val_w1p': 0.0016718550541255709, 'step': 264506}
epoch 1749:  {'val_logprob': -0.055865198373794556, 'val_fpnd': 0.11461740603513704, 'val_mmd': 0.07182539514995692, 'val_cov': 0.5730000000000002, 'val_w1m': 0.0009078848263062534, 'val_w1efp': 1.779188517885369e-05, 'val_w1p': 0.0010736541902154233, 'step': 268287}
epoch 1774:  {'val_logprob': -0.05583924055099487, 'val_fpnd': 0.7118806909951161, 'val_mmd': 0.07272778182330525, 'val_cov': 0.577, 'val_w1m': 0.0018289058329351245, 'val_w1efp': 3.6297086989477614e-05, 'val_w1p': 0.001561153057545935, 'step': 272068}
epoch 1799:  {'val_logprob': -0.05589688569307327, 'val_fpnd': 0.22756174609463642, 'val_mmd': 0.07463654746789235, 'val_cov': 0.5529999999999999, 'val_w1m': 0.0017097522209398447, 'val_w1efp': 3.747418123006931e-05, 'val_w1p': 0.002099106786529599, 'step': 275849}
epoch 1824:  {'val_logprob': -0.05587681010365486, 'val_fpnd': 0.3967225765205171, 'val_mmd': 0.07302241016507977, 'val_cov': 0.5900000000000001, 'val_w1m': 0.0015460419345274567, 'val_w1efp': 2.4177993671630644e-05, 'val_w1p': 0.001503413199911792, 'step': 279631}
epoch 1849:  {'val_logprob': -0.055665504187345505, 'val_fpnd': 0.2604796644779981, 'val_mmd': 0.07272941425270664, 'val_cov': 0.5609999999999999, 'val_w1m': 0.0021457878898456695, 'val_w1efp': 5.1417137691031305e-05, 'val_w1p': 0.0015502130503233199, 'step': 283412}
epoch 1874:  {'val_logprob': -0.055773645639419556, 'val_fpnd': 0.09118830979869585, 'val_mmd': 0.0719680479037923, 'val_cov': 0.575, 'val_w1m': 0.0010417194554954766, 'val_w1efp': 2.595487278590666e-05, 'val_w1p': 0.0015852836665972306, 'step': 287193}
epoch 1899:  {'val_logprob': -0.05590932071208954, 'val_fpnd': 0.3792861004936867, 'val_mmd': 0.07225975505474032, 'val_cov': 0.554, 'val_w1m': 0.0028935235026851295, 'val_w1efp': 6.739869397009192e-05, 'val_w1p': 0.0014394386813705096, 'step': 290974}
epoch 1924:  {'val_logprob': -0.05588468909263611, 'val_fpnd': 0.46780840315457795, 'val_mmd': 0.07270082756981719, 'val_cov': 0.5599999999999999, 'val_w1m': 0.0018940663457661868, 'val_w1efp': 5.736705524054793e-05, 'val_w1p': 0.001409509688545473, 'step': 294756}
epoch 1949:  {'val_logprob': -0.055952589958906174, 'val_fpnd': 0.4393169114115949, 'val_mmd': 0.0731020417902585, 'val_cov': 0.569, 'val_w1m': 0.0014179369194619357, 'val_w1efp': 2.1401499961033362e-05, 'val_w1p': 0.002034610220063489, 'step': 298537}
epoch 1974:  {'val_logprob': -0.05586922913789749, 'val_fpnd': 0.20250033757446317, 'val_mmd': 0.07317521143158726, 'val_cov': 0.583, 'val_w1m': 0.0013536727016977964, 'val_w1efp': 3.0983937977833755e-05, 'val_w1p': 0.0015126297294281704, 'step': 302318}
epoch 1999:  {'val_logprob': -0.05576271563768387, 'val_fpnd': 0.31614144319036086, 'val_mmd': 0.07254998242790589, 'val_cov': 0.5710000000000001, 'val_w1m': 0.0019751720271818335, 'val_w1efp': 5.5368313953580976e-05, 'val_w1p': 0.001418296895509608, 'step': 306099}
epoch 2024:  {'val_logprob': -0.05576930195093155, 'val_fpnd': 0.6579124593708059, 'val_mmd': 0.07161766826256112, 'val_cov': 0.583, 'val_w1m': 0.003836441053263843, 'val_w1efp': 0.00011010597579935201, 'val_w1p': 0.0018901611254813634, 'step': 309881}
epoch 2049:  {'val_logprob': -0.05593087524175644, 'val_fpnd': 0.1481982694745625, 'val_mmd': 0.07271802751933643, 'val_cov': 0.57, 'val_w1m': 0.0008554193457961082, 'val_w1efp': 1.5409680177511286e-05, 'val_w1p': 0.0010719012708004627, 'step': 313662}
epoch 2074:  {'val_logprob': -0.05589050054550171, 'val_fpnd': 0.15561878338232304, 'val_mmd': 0.07202354260550817, 'val_cov': 0.562, 'val_w1m': 0.0017012474428489805, 'val_w1efp': 3.536390474489763e-05, 'val_w1p': 0.0012399630077998957, 'step': 317443}
epoch 2099:  {'val_logprob': -0.056016068905591965, 'val_fpnd': 0.15086213511960977, 'val_mmd': 0.07172279865571442, 'val_cov': 0.5740000000000001, 'val_w1m': 0.0021970701036974787, 'val_w1efp': 4.407697380294876e-05, 'val_w1p': 0.001694429341971861, 'step': 321224}
epoch 2124:  {'val_logprob': -0.055845849215984344, 'val_fpnd': 0.21615888349577972, 'val_mmd': 0.07237391016194976, 'val_cov': 0.579, 'val_w1m': 0.00201087537009269, 'val_w1efp': 5.289626504455002e-05, 'val_w1p': 0.0014461452026201147, 'step': 325006}
epoch 2149:  {'val_logprob': -0.056025877594947815, 'val_fpnd': 0.1488541615328529, 'val_mmd': 0.0720815347853048, 'val_cov': 0.562, 'val_w1m': 0.0005687619629316033, 'val_w1efp': 2.250613135590617e-05, 'val_w1p': 0.0012174390099581381, 'step': 328787}
epoch 2174:  {'val_logprob': -0.055978916585445404, 'val_fpnd': 0.35877163396315837, 'val_mmd': 0.07127252072818709, 'val_cov': 0.581, 'val_w1m': 0.0013697747857868673, 'val_w1efp': 3.09107909172107e-05, 'val_w1p': 0.0012164621533283667, 'step': 332568}
epoch 2199:  {'val_logprob': -0.05574195832014084, 'val_fpnd': 0.3134883629114995, 'val_mmd': 0.07162246106318587, 'val_cov': 0.5710000000000001, 'val_w1m': 0.001932046114243567, 'val_w1efp': 4.7184562844000256e-05, 'val_w1p': 0.0010651669656924977, 'step': 336349}
epoch 2224:  {'val_logprob': -0.055829696357250214, 'val_fpnd': 0.11980915883822263, 'val_mmd': 0.07281543877629958, 'val_cov': 0.586, 'val_w1m': 0.0010243172458745539, 'val_w1efp': 2.080765384564295e-05, 'val_w1p': 0.0011637442907242983, 'step': 340131}
epoch 2249:  {'val_logprob': -0.05588771402835846, 'val_fpnd': 0.08117504735605507, 'val_mmd': 0.07242629494046263, 'val_cov': 0.575, 'val_w1m': 0.000947423876300454, 'val_w1efp': 1.237877087210323e-05, 'val_w1p': 0.0008669250219283417, 'step': 343912}
epoch 2274:  {'val_logprob': -0.05591871961951256, 'val_fpnd': 0.44366163074954557, 'val_mmd': 0.07292909789983987, 'val_cov': 0.573, 'val_w1m': 0.0014358306656591592, 'val_w1efp': 3.225956091766455e-05, 'val_w1p': 0.0012868480567851577, 'step': 347693}
epoch 2299:  {'val_logprob': -0.055953774601221085, 'val_fpnd': 0.1390870529877759, 'val_mmd': 0.07198926342881637, 'val_cov': 0.5860000000000001, 'val_w1m': 0.0013334769172780214, 'val_w1efp': 2.932790474360495e-05, 'val_w1p': 0.0012388169801155048, 'step': 351474}
epoch 2324:  {'val_logprob': -0.05591866746544838, 'val_fpnd': 0.08732147690375314, 'val_mmd': 0.07367918159151274, 'val_cov': 0.582, 'val_w1m': 0.0014090320864878594, 'val_w1efp': 2.44188248655214e-05, 'val_w1p': 0.0010829654519995309, 'step': 355256}
not valid grads 0
epoch 2349:  {'val_logprob': -0.05588824301958084, 'val_fpnd': 0.18644746650505795, 'val_mmd': 0.0705300702156045, 'val_cov': 0.585, 'val_w1m': 0.0013449468958191572, 'val_w1efp': 3.792768502883559e-05, 'val_w1p': 0.0009608938759080458, 'step': 359037}
epoch 2374:  {'val_logprob': -0.05584567040205002, 'val_fpnd': 0.09501481076588902, 'val_mmd': 0.07278377811846705, 'val_cov': 0.588, 'val_w1m': 0.0007192749078944324, 'val_w1efp': 1.6942844500947262e-05, 'val_w1p': 0.0010982167231054385, 'step': 362818}
epoch 2399:  {'val_logprob': -0.05569399148225784, 'val_fpnd': 0.07426158865294497, 'val_mmd': 0.07141913063618617, 'val_cov': 0.573, 'val_w1m': 0.0015656719770468772, 'val_w1efp': 3.3541805659625015e-05, 'val_w1p': 0.001112853076762885, 'step': 366599}
epoch 2424:  {'val_logprob': -0.055781565606594086, 'val_fpnd': 0.1176563431240254, 'val_mmd': 0.073095100014872, 'val_cov': 0.5720000000000001, 'val_w1m': 0.0008728665946237743, 'val_w1efp': 2.3526673942439797e-05, 'val_w1p': 0.0009277662507755175, 'step': 370381}
epoch 2449:  {'val_logprob': -0.055876269936561584, 'val_fpnd': 0.19204005929711343, 'val_mmd': 0.07174386438275447, 'val_cov': 0.583, 'val_w1m': 0.0023006059852801264, 'val_w1efp': 5.117206843506331e-05, 'val_w1p': 0.0012019486258089864, 'step': 374162}
not valid grads 0
epoch 2474:  {'val_logprob': -0.05574554204940796, 'val_fpnd': 0.2629843900484161, 'val_mmd': 0.07222244549252434, 'val_cov': 0.5820000000000001, 'val_w1m': 0.0015653989614918828, 'val_w1efp': 3.7230336971993556e-05, 'val_w1p': 0.0009137620578451143, 'step': 377943}
epoch 2499:  {'val_logprob': -0.05594291165471077, 'val_fpnd': 0.08721345155169047, 'val_mmd': 0.07230888143543787, 'val_cov': 0.5770000000000002, 'val_w1m': 0.0009622688960842788, 'val_w1efp': 1.803769278636985e-05, 'val_w1p': 0.0009265113692285237, 'step': 381724}
not valid grads 0
epoch 2524:  {'val_logprob': -0.05590881407260895, 'val_fpnd': 0.16226734064423454, 'val_mmd': 0.07218488346231323, 'val_cov': 0.587, 'val_w1m': 0.0013885960550233721, 'val_w1efp': 3.709315086159488e-05, 'val_w1p': 0.0009445887700100739, 'step': 385506}
epoch 2549:  {'val_logprob': -0.055878955870866776, 'val_fpnd': 0.07897097323504454, 'val_mmd': 0.07164724022899302, 'val_cov': 0.5740000000000001, 'val_w1m': 0.0012094232825376095, 'val_w1efp': 2.792916808455891e-05, 'val_w1p': 0.00107402991954032, 'step': 389287}
not valid grads 0
epoch 2574:  {'val_logprob': -0.05577046051621437, 'val_fpnd': 0.07093591709514158, 'val_mmd': 0.07155489000323097, 'val_cov': 0.577, 'val_w1m': 0.0011820827609486874, 'val_w1efp': 2.4182212886552e-05, 'val_w1p': 0.0008479548863062639, 'step': 393068}
epoch 2599:  {'val_logprob': -0.05576620623469353, 'val_fpnd': 0.06638169015320727, 'val_mmd': 0.07204550890969491, 'val_cov': 0.5810000000000001, 'val_w1m': 0.0007024368573725221, 'val_w1efp': 2.8744482154754735e-05, 'val_w1p': 0.0008423371334070033, 'step': 396849}
epoch 2624:  {'val_logprob': -0.055889327079057693, 'val_fpnd': 0.051796013368942795, 'val_mmd': 0.07138994114147447, 'val_cov': 0.5700000000000001, 'val_w1m': 0.001099077503848821, 'val_w1efp': 1.3640515181111984e-05, 'val_w1p': 0.0010244387506391619, 'step': 400631}
epoch 2649:  {'val_logprob': -0.055930204689502716, 'val_fpnd': 0.10047977647010953, 'val_mmd': 0.0728888641827595, 'val_cov': 0.5719999999999998, 'val_w1m': 0.0009996849131397902, 'val_w1efp': 2.2128424490547956e-05, 'val_w1p': 0.0007846020141397116, 'step': 404412}
epoch 2674:  {'val_logprob': -0.05589131638407707, 'val_fpnd': 0.08077986496041945, 'val_mmd': 0.0720848632827942, 'val_cov': 0.564, 'val_w1m': 0.000664537042118609, 'val_w1efp': 1.8483827105162388e-05, 'val_w1p': 0.0008039448629328176, 'step': 408193}
epoch 2699:  {'val_logprob': -0.05611298233270645, 'val_fpnd': 0.06224480457990467, 'val_mmd': 0.07104384694022506, 'val_cov': 0.565, 'val_w1m': 0.0007810293698310852, 'val_w1efp': 1.52424553956136e-05, 'val_w1p': 0.0007857034556212563, 'step': 411974}
epoch 2724:  {'val_logprob': -0.055740222334861755, 'val_fpnd': 0.04580112913163248, 'val_mmd': 0.07203591392484154, 'val_cov': 0.5960000000000001, 'val_w1m': 0.0005397940245643257, 'val_w1efp': 1.527608481565494e-05, 'val_w1p': 0.0007790783899937083, 'step': 415756}
not valid grads 0
epoch 2749:  {'val_logprob': -0.05572056770324707, 'val_fpnd': 0.07927874983724337, 'val_mmd': 0.07113152440681628, 'val_cov': 0.5870000000000001, 'val_w1m': 0.001183767414316535, 'val_w1efp': 2.2125329929570832e-05, 'val_w1p': 0.0009543773155542356, 'step': 419537}
epoch 2774:  {'val_logprob': -0.05592741444706917, 'val_fpnd': 0.088401175229194, 'val_mmd': 0.07277646667700635, 'val_cov': 0.5650000000000001, 'val_w1m': 0.0009305163561925293, 'val_w1efp': 2.3888021339171585e-05, 'val_w1p': 0.0008406469783270642, 'step': 423318}
epoch 2799:  {'val_logprob': -0.0561830997467041, 'val_fpnd': 0.15591060885645902, 'val_mmd': 0.07142995889390832, 'val_cov': 0.5740000000000001, 'val_w1m': 0.0018852317553386092, 'val_w1efp': 4.958525213067214e-05, 'val_w1p': 0.0011014438994583298, 'step': 427099}
not valid grads 0
epoch 2824:  {'val_logprob': -0.0558621920645237, 'val_fpnd': 0.17935043559853625, 'val_mmd': 0.07153279137741661, 'val_cov': 0.585, 'val_w1m': 0.001320881654266268, 'val_w1efp': 3.4920068922864565e-05, 'val_w1p': 0.0008446360197919906, 'step': 430881}
epoch 2849:  {'val_logprob': -0.055984362959861755, 'val_fpnd': 0.08491837040057248, 'val_mmd': 0.07273792288416081, 'val_cov': 0.562, 'val_w1m': 0.0009274797074124217, 'val_w1efp': 1.7526262648804325e-05, 'val_w1p': 0.000667750891904388, 'step': 434662}
epoch 2874:  {'val_logprob': -0.055764369666576385, 'val_fpnd': 0.06677692830891147, 'val_mmd': 0.0725717842921403, 'val_cov': 0.5670000000000002, 'val_w1m': 0.0015255957628786565, 'val_w1efp': 2.9605425845843057e-05, 'val_w1p': 0.0007702072020230486, 'step': 438443}
epoch 2899:  {'val_logprob': -0.05582208186388016, 'val_fpnd': 0.10604535925693881, 'val_mmd': 0.0715956670662858, 'val_cov': 0.578, 'val_w1m': 0.001307419894002378, 'val_w1efp': 4.18853880015683e-05, 'val_w1p': 0.0009232540489211275, 'step': 442224}
not valid grads 0
epoch 2924:  {'val_logprob': -0.05585472285747528, 'val_fpnd': 0.08318033993663221, 'val_mmd': 0.07428537055910368, 'val_cov': 0.59, 'val_w1m': 0.0011214854706637562, 'val_w1efp': 1.727001334322613e-05, 'val_w1p': 0.0006501453912926841, 'step': 446006}
not valid grads 0
epoch 2949:  {'val_logprob': -0.05581526830792427, 'val_fpnd': 0.11254654866280589, 'val_mmd': 0.07279464225561245, 'val_cov': 0.581, 'val_w1m': 0.0010405372001975773, 'val_w1efp': 2.4532911530468112e-05, 'val_w1p': 0.000882655309185467, 'step': 449787}
epoch 2974:  {'val_logprob': -0.05583878979086876, 'val_fpnd': 0.09952616901009037, 'val_mmd': 0.0731141044901031, 'val_cov': 0.5559999999999999, 'val_w1m': 0.001067988060489297, 'val_w1efp': 2.3064891933388538e-05, 'val_w1p': 0.0007265673293608582, 'step': 453568}
epoch 2999:  {'val_logprob': -0.055692460387945175, 'val_fpnd': 0.0863545291471155, 'val_mmd': 0.07202449417733538, 'val_cov': 0.5630000000000001, 'val_w1m': 0.0010042499438673257, 'val_w1efp': 1.5951717548290754e-05, 'val_w1p': 0.000619737772066801, 'step': 457349}
epoch 3024:  {'val_logprob': -0.05579597130417824, 'val_fpnd': 0.1264770971283724, 'val_mmd': 0.0733015025044624, 'val_cov': 0.5730000000000001, 'val_w1m': 0.0012497409089095891, 'val_w1efp': 2.7821433964049476e-05, 'val_w1p': 0.0006862384309612498, 'step': 461131}
epoch 3049:  {'val_logprob': -0.0559702031314373, 'val_fpnd': 0.06286363417981988, 'val_mmd': 0.07352546337508674, 'val_cov': 0.5589999999999999, 'val_w1m': 0.0009674464268796146, 'val_w1efp': 1.2191686876528361e-05, 'val_w1p': 0.0007189046048923828, 'step': 464912}
